\BOOKMARK [0][-]{chapter.1}{Uge 1}{}% 1
\BOOKMARK [1][-]{section.1.1}{Basisopgaver}{chapter.1}% 2
\BOOKMARK [2][-]{subsection.1.1.1}{i}{section.1.1}% 3
\BOOKMARK [2][-]{subsection.1.1.2}{ii}{section.1.1}% 4
\BOOKMARK [1][-]{section.1.2}{Standardopgaver}{chapter.1}% 5
\BOOKMARK [2][-]{subsection.1.2.1}{1.1}{section.1.2}% 6
\BOOKMARK [2][-]{subsection.1.2.2}{1.2}{section.1.2}% 7
\BOOKMARK [2][-]{subsection.1.2.3}{1.4}{section.1.2}% 8
\BOOKMARK [2][-]{subsection.1.2.4}{1.5}{section.1.2}% 9
\BOOKMARK [2][-]{subsection.1.2.5}{1.6}{section.1.2}% 10
\BOOKMARK [2][-]{subsection.1.2.6}{1.7}{section.1.2}% 11
\BOOKMARK [2][-]{subsection.1.2.7}{1.9}{section.1.2}% 12
\BOOKMARK [2][-]{subsection.1.2.8}{1.10}{section.1.2}% 13
\BOOKMARK [2][-]{subsection.1.2.9}{M1}{section.1.2}% 14
\BOOKMARK [2][-]{subsection.1.2.10}{M2}{section.1.2}% 15
\BOOKMARK [1][-]{section.1.3}{Opgaver til fordybelse}{chapter.1}% 16
\BOOKMARK [2][-]{subsection.1.3.1}{1.12}{section.1.3}% 17
\BOOKMARK [2][-]{subsection.1.3.2}{1.13}{section.1.3}% 18
\BOOKMARK [2][-]{subsection.1.3.3}{M3}{section.1.3}% 19
\BOOKMARK [0][-]{chapter*.12}{Litteratur}{}% 20
